/home/benjamin/Documents/workspace/delib-archiver/venv/bin/python /home/benjamin/Documents/workspace/delib-archiver/src/main/python/process/training/classification_model/mlp_model_builder.py
2018-12-17 23:47:37,109 - TextAndLabelLoader - INFO - Starts loading data
2018-12-17 23:47:46,169 - TextAndLabelLoader - INFO - Loads web_document #1 with id 5c1cf982297d5371a693456093588782dc4e7f24 (http://www.ouzous.fr/userfile/SEANCE_DU_6_novembre_2014.pdf)
2018-12-17 23:47:48,347 - TextAndLabelLoader - INFO - Loads web_document #2 with id 85fb1957bd9412de0db6680a4ea1ce19637a523e (http://delle.fr/www/f/phpWXwJyl_Le-commerce-en-1914.pdf)
2018-12-17 23:47:49,474 - TextAndLabelLoader - INFO - Loads web_document #3 with id 3ff63a8a960dd07f81833855b1e6f8ae8adbe277 (https://www.clairoix.fr/wp-content/uploads/2018/09/CRCM20060324.pdf)
2018-12-17 23:47:54,953 - TextAndLabelLoader - INFO - Loads web_document #4 with id 4d38ddb93af24bbd97517d2733a9699c2a46b0b2 (http://saint-georges-de-reintembault.fr/media/astucenov16__009343400_1857_08112016.pdf)
2018-12-17 23:47:59,800 - TextAndLabelLoader - INFO - Loads web_document #5 with id 595a5a8128e892e3bc3f3a2e58c09b1edd9f10f7 (http://www.chazey-bons.fr/UserFiles/File/cb_compte_rendu_conseil_municipal_20091127.pdf)
2018-12-17 23:48:02,379 - TextAndLabelLoader - INFO - Loads web_document #6 with id ed6401854843f8ae583cd9a8b96be656117c0fc8 (http://www.saintaubindeslandes.fr/IMG/pdf/averstissement_faux_agents.pdf)
2018-12-17 23:48:02,737 - TextAndLabelLoader - INFO - Loads web_document #7 with id a26addc8a91fa4dcaa9345c01907fbaa047b7f45 (http://www.issoire.fr/content/download/46682/515656/file/D%C3%A9lib%C3%A9rations%20du%20Conseil%20municipal%20du%2024%20septembre%202015.pdf)
2018-12-17 23:48:04,611 - TextAndLabelLoader - INFO - Loads web_document #8 with id 1383cd200c72df9bb3b062d4a6efd564d61f6f4f (https://www.clairoix.fr/wp-content/uploads/2018/11/Newsletter_N__37.pdf)
2018-12-17 23:48:12,549 - TextAndLabelLoader - INFO - Loads web_document #9 with id 7cadb252003d9d97d6a8e6060bc0bf8ef323f406 (http://hambye.fr/wp-content/uploads/2015/06/hambye_info_mai_2015.pdf)
2018-12-17 23:48:15,081 - TextAndLabelLoader - INFO - Loads web_document #10 with id dcd0bc962529cf8f0c0906562349b523f0127ed1 (http://www.lahonce.fr/sites/default/files/pages/fichiers/2018//bulletin_municipal_-_decembre_2010.pdf)
2018-12-17 23:48:28,536 - TextAndLabelLoader - INFO - Loads web_document #11 with id f945422a2ba9898c5da8d0b3930c5a6773acbb4e (http://viane.fr/wp-content/uploads/2018/11/Dilili-%C3%A0-Paris-Viane-7-12-18-1.pdf)
2018-12-17 23:48:29,756 - TextAndLabelLoader - INFO - Loads web_document #12 with id f635e6a757c8de0d57f1f4919877d720ce0a96b3 (http://www.cuverville.fr/wp-content/uploads/compte-rendu-du-06-novembre-2017.pdf)
2018-12-17 23:48:40,214 - TextAndLabelLoader - INFO - Loads web_document #13 with id a58ac74dbdcfa49c3aa3e03292d8f4571b915fe1 (http://saint-georges-de-reintembault.fr/media/fiche_de_renseignements_et_autorisations__064041600_1148_06092018.pdf)
2018-12-17 23:48:44,781 - TextAndLabelLoader - INFO - Loads web_document #14 with id 6340c0e49d586038de5d50029d2f4adbfabcc7dc (http://www.montreuil.fr/fileadmin/user_upload/Files/Environnement/etat_lieux_env/obsenv/s3_09.pdf)
2018-12-17 23:48:45,675 - TextAndLabelLoader - INFO - Loads web_document #15 with id 5645c8ba9de62cd75d134dc463b2c550195b2024 (http://delle.fr/www/f/phpE4tjqS_1965-Calendriers.pdf)
2018-12-17 23:48:46,051 - TextAndLabelLoader - INFO - Loads web_document #16 with id 2ae58d011ab4f593684b68b6b76a6a5d8be6fd68 (http://www.cuy.fr/documents/portal306/cuy-info-mai-2011---ste-chasse.pdf)
2018-12-17 23:48:48,523 - TextAndLabelLoader - INFO - Loads web_document #17 with id b7c29171919520e28a0714ecff16fb54915e8dee (http://www.issoire.fr/content/download/48545/533908/file/DEMANDE%20DE%20SUBVENTION%202019.pdf)
2018-12-17 23:49:01,490 - TextAndLabelLoader - INFO - Loads web_document #18 with id c1752ed1a8c97d01563d60b16fffd167120a5446 (http://www.gonfreville-l-orcher.fr/IMG/pdf/le_gislatives2017-1otour_b02.pdf)
2018-12-17 23:49:05,288 - TextAndLabelLoader - INFO - Loads web_document #19 with id d18cebac3e7dffece44ab454ab01ecac902b3f4d (http://www.issoire.fr/content/download/49238/540479/file/Menus_CentredeLoisirs_Juillet2018.pdf)
2018-12-17 23:49:05,672 - TextAndLabelLoader - INFO - Loads web_document #20 with id 5641b2ba6b0a1d264c0e165f1e30a1cb5d56739a (http://www.turckheim.fr/pdf/fdv-sept-2018-agi.pdf)
2018-12-17 23:49:05,672 - TextAndLabelLoader - INFO - Starts building the model
2018-12-17 23:49:05,672 - TextAndLabelLoader - INFO - Verifies that validation labels are in the same range as training labels.
/home/benjamin/Documents/workspace/delib-archiver/venv/lib/python3.5/site-packages/sklearn/feature_extraction/text.py:1547: UserWarning: Only (<class 'numpy.float64'>, <class 'numpy.float32'>, <class 'numpy.float16'>) 'dtype' should be used. int32 'dtype' will be converted to np.float64.
  UserWarning)
2018-12-17 23:49:05,883 - TextAndLabelLoader - INFO - Creates an instance of a multi-layer perceptron model.
2018-12-17 23:49:05,981 - TextAndLabelLoader - INFO - Compiles the multi-layer perceptron model.
2018-12-17 23:49:06,146 - TextAndLabelLoader - INFO - Trains the multi-layer perceptron model.
Train on 10 samples, validate on 10 samples
Epoch 1/1000
 - 0s - loss: 0.6852 - acc: 0.9000 - val_loss: 0.6878 - val_acc: 0.6000
Epoch 2/1000
 - 0s - loss: 0.6797 - acc: 0.6000 - val_loss: 0.6864 - val_acc: 0.6000
Epoch 3/1000
 - 0s - loss: 0.6722 - acc: 0.9000 - val_loss: 0.6850 - val_acc: 0.6000
Epoch 4/1000
 - 0s - loss: 0.6577 - acc: 1.0000 - val_loss: 0.6835 - val_acc: 0.6000
Epoch 5/1000
 - 0s - loss: 0.6425 - acc: 0.9000 - val_loss: 0.6815 - val_acc: 0.6000
Epoch 6/1000
 - 0s - loss: 0.6264 - acc: 0.9000 - val_loss: 0.6795 - val_acc: 0.6000
Epoch 7/1000
 - 0s - loss: 0.6150 - acc: 1.0000 - val_loss: 0.6773 - val_acc: 0.7000
Epoch 8/1000
 - 0s - loss: 0.6052 - acc: 1.0000 - val_loss: 0.6752 - val_acc: 0.7000
Epoch 9/1000
 - 0s - loss: 0.5887 - acc: 1.0000 - val_loss: 0.6729 - val_acc: 0.7000
Epoch 10/1000
 - 0s - loss: 0.5645 - acc: 1.0000 - val_loss: 0.6704 - val_acc: 0.7000
Epoch 11/1000
 - 0s - loss: 0.5628 - acc: 0.9000 - val_loss: 0.6673 - val_acc: 0.7000
Epoch 12/1000
 - 0s - loss: 0.5432 - acc: 1.0000 - val_loss: 0.6639 - val_acc: 0.8000
Epoch 13/1000
 - 0s - loss: 0.5223 - acc: 1.0000 - val_loss: 0.6603 - val_acc: 0.8000
Epoch 14/1000
 - 0s - loss: 0.5171 - acc: 1.0000 - val_loss: 0.6564 - val_acc: 0.8000
Epoch 15/1000
 - 0s - loss: 0.4950 - acc: 1.0000 - val_loss: 0.6520 - val_acc: 0.8000
Epoch 16/1000
 - 0s - loss: 0.4916 - acc: 1.0000 - val_loss: 0.6473 - val_acc: 0.9000
Epoch 17/1000
 - 0s - loss: 0.4793 - acc: 1.0000 - val_loss: 0.6424 - val_acc: 0.9000
Epoch 18/1000
 - 0s - loss: 0.4512 - acc: 1.0000 - val_loss: 0.6377 - val_acc: 0.9000
Epoch 19/1000
 - 0s - loss: 0.4251 - acc: 1.0000 - val_loss: 0.6328 - val_acc: 0.9000
Epoch 20/1000
 - 0s - loss: 0.4145 - acc: 1.0000 - val_loss: 0.6278 - val_acc: 0.9000
Epoch 21/1000
 - 0s - loss: 0.4139 - acc: 1.0000 - val_loss: 0.6226 - val_acc: 0.9000
Epoch 22/1000
 - 0s - loss: 0.3953 - acc: 1.0000 - val_loss: 0.6172 - val_acc: 0.9000
Epoch 23/1000
 - 0s - loss: 0.3799 - acc: 1.0000 - val_loss: 0.6121 - val_acc: 0.9000
Epoch 24/1000
 - 0s - loss: 0.3583 - acc: 1.0000 - val_loss: 0.6073 - val_acc: 0.9000
Epoch 25/1000
 - 0s - loss: 0.3701 - acc: 1.0000 - val_loss: 0.6027 - val_acc: 0.9000
Epoch 26/1000
 - 0s - loss: 0.3478 - acc: 1.0000 - val_loss: 0.5978 - val_acc: 0.9000
Epoch 27/1000
 - 0s - loss: 0.3510 - acc: 1.0000 - val_loss: 0.5931 - val_acc: 0.9000
Epoch 28/1000
 - 0s - loss: 0.3394 - acc: 1.0000 - val_loss: 0.5884 - val_acc: 0.9000
Epoch 29/1000
 - 0s - loss: 0.2957 - acc: 1.0000 - val_loss: 0.5833 - val_acc: 0.9000
Epoch 30/1000
 - 0s - loss: 0.3254 - acc: 1.0000 - val_loss: 0.5780 - val_acc: 0.9000
Epoch 31/1000
 - 0s - loss: 0.2951 - acc: 1.0000 - val_loss: 0.5726 - val_acc: 0.9000
Epoch 32/1000
 - 0s - loss: 0.2683 - acc: 1.0000 - val_loss: 0.5671 - val_acc: 0.9000
Epoch 33/1000
 - 0s - loss: 0.2763 - acc: 1.0000 - val_loss: 0.5615 - val_acc: 0.9000
Epoch 34/1000
 - 0s - loss: 0.2628 - acc: 1.0000 - val_loss: 0.5555 - val_acc: 0.9000
Epoch 35/1000
 - 0s - loss: 0.2196 - acc: 1.0000 - val_loss: 0.5497 - val_acc: 0.9000
Epoch 36/1000
 - 0s - loss: 0.2227 - acc: 1.0000 - val_loss: 0.5442 - val_acc: 0.9000
Epoch 37/1000
 - 0s - loss: 0.2398 - acc: 1.0000 - val_loss: 0.5385 - val_acc: 0.9000
Epoch 38/1000
 - 0s - loss: 0.2207 - acc: 1.0000 - val_loss: 0.5330 - val_acc: 0.9000
Epoch 39/1000
 - 0s - loss: 0.2041 - acc: 1.0000 - val_loss: 0.5274 - val_acc: 0.9000
Epoch 40/1000
 - 0s - loss: 0.2031 - acc: 1.0000 - val_loss: 0.5221 - val_acc: 0.9000
Epoch 41/1000
 - 0s - loss: 0.1881 - acc: 1.0000 - val_loss: 0.5169 - val_acc: 0.9000
Epoch 42/1000
 - 0s - loss: 0.1793 - acc: 1.0000 - val_loss: 0.5120 - val_acc: 0.9000
Epoch 43/1000
 - 0s - loss: 0.1724 - acc: 1.0000 - val_loss: 0.5073 - val_acc: 0.9000
Epoch 44/1000
 - 0s - loss: 0.1857 - acc: 1.0000 - val_loss: 0.5026 - val_acc: 0.9000
Epoch 45/1000
 - 0s - loss: 0.1707 - acc: 1.0000 - val_loss: 0.4979 - val_acc: 0.9000
Epoch 46/1000
 - 0s - loss: 0.1840 - acc: 1.0000 - val_loss: 0.4935 - val_acc: 1.0000
Epoch 47/1000
 - 0s - loss: 0.1554 - acc: 1.0000 - val_loss: 0.4890 - val_acc: 1.0000
Epoch 48/1000
 - 0s - loss: 0.1671 - acc: 1.0000 - val_loss: 0.4838 - val_acc: 1.0000
Epoch 49/1000
 - 0s - loss: 0.1455 - acc: 1.0000 - val_loss: 0.4791 - val_acc: 1.0000
Epoch 50/1000
 - 0s - loss: 0.1378 - acc: 1.0000 - val_loss: 0.4747 - val_acc: 1.0000
Epoch 51/1000
 - 0s - loss: 0.1188 - acc: 1.0000 - val_loss: 0.4705 - val_acc: 1.0000
Epoch 52/1000
 - 0s - loss: 0.1444 - acc: 1.0000 - val_loss: 0.4662 - val_acc: 1.0000
Epoch 53/1000
 - 0s - loss: 0.1328 - acc: 1.0000 - val_loss: 0.4622 - val_acc: 1.0000
Epoch 54/1000
 - 0s - loss: 0.1045 - acc: 1.0000 - val_loss: 0.4580 - val_acc: 1.0000
Epoch 55/1000
 - 0s - loss: 0.1055 - acc: 1.0000 - val_loss: 0.4538 - val_acc: 1.0000
Epoch 56/1000
 - 0s - loss: 0.1190 - acc: 1.0000 - val_loss: 0.4498 - val_acc: 1.0000
Epoch 57/1000
 - 0s - loss: 0.1127 - acc: 1.0000 - val_loss: 0.4455 - val_acc: 1.0000
Epoch 58/1000
 - 0s - loss: 0.0978 - acc: 1.0000 - val_loss: 0.4410 - val_acc: 1.0000
Epoch 59/1000
 - 0s - loss: 0.1064 - acc: 1.0000 - val_loss: 0.4365 - val_acc: 1.0000
Epoch 60/1000
 - 0s - loss: 0.0952 - acc: 1.0000 - val_loss: 0.4319 - val_acc: 1.0000
Epoch 61/1000
 - 0s - loss: 0.1052 - acc: 1.0000 - val_loss: 0.4270 - val_acc: 1.0000
Epoch 62/1000
 - 0s - loss: 0.0932 - acc: 1.0000 - val_loss: 0.4226 - val_acc: 1.0000
Epoch 63/1000
 - 0s - loss: 0.0747 - acc: 1.0000 - val_loss: 0.4180 - val_acc: 1.0000
Epoch 64/1000
 - 0s - loss: 0.0831 - acc: 1.0000 - val_loss: 0.4139 - val_acc: 1.0000
Epoch 65/1000
 - 0s - loss: 0.0697 - acc: 1.0000 - val_loss: 0.4099 - val_acc: 1.0000
Epoch 66/1000
 - 0s - loss: 0.0722 - acc: 1.0000 - val_loss: 0.4060 - val_acc: 1.0000
Epoch 67/1000
 - 0s - loss: 0.0799 - acc: 1.0000 - val_loss: 0.4019 - val_acc: 1.0000
Epoch 68/1000
 - 0s - loss: 0.0708 - acc: 1.0000 - val_loss: 0.3980 - val_acc: 1.0000
Epoch 69/1000
 - 0s - loss: 0.0852 - acc: 1.0000 - val_loss: 0.3942 - val_acc: 1.0000
Epoch 70/1000
 - 0s - loss: 0.0804 - acc: 1.0000 - val_loss: 0.3905 - val_acc: 1.0000
Epoch 71/1000
 - 0s - loss: 0.0537 - acc: 1.0000 - val_loss: 0.3871 - val_acc: 1.0000
Epoch 72/1000
 - 0s - loss: 0.0644 - acc: 1.0000 - val_loss: 0.3840 - val_acc: 1.0000
Epoch 73/1000
 - 0s - loss: 0.0604 - acc: 1.0000 - val_loss: 0.3809 - val_acc: 1.0000
Epoch 74/1000
 - 0s - loss: 0.0606 - acc: 1.0000 - val_loss: 0.3781 - val_acc: 1.0000
Epoch 75/1000
 - 0s - loss: 0.0642 - acc: 1.0000 - val_loss: 0.3752 - val_acc: 1.0000
Epoch 76/1000
 - 0s - loss: 0.0717 - acc: 1.0000 - val_loss: 0.3724 - val_acc: 1.0000
Epoch 77/1000
 - 0s - loss: 0.0699 - acc: 1.0000 - val_loss: 0.3692 - val_acc: 1.0000
Epoch 78/1000
 - 0s - loss: 0.0532 - acc: 1.0000 - val_loss: 0.3663 - val_acc: 1.0000
Epoch 79/1000
 - 0s - loss: 0.0409 - acc: 1.0000 - val_loss: 0.3637 - val_acc: 1.0000
Epoch 80/1000
 - 0s - loss: 0.0598 - acc: 1.0000 - val_loss: 0.3612 - val_acc: 1.0000
Epoch 81/1000
 - 0s - loss: 0.0477 - acc: 1.0000 - val_loss: 0.3587 - val_acc: 1.0000
Epoch 82/1000
 - 0s - loss: 0.0397 - acc: 1.0000 - val_loss: 0.3563 - val_acc: 1.0000
Epoch 83/1000
 - 0s - loss: 0.0532 - acc: 1.0000 - val_loss: 0.3539 - val_acc: 1.0000
Epoch 84/1000
 - 0s - loss: 0.0467 - acc: 1.0000 - val_loss: 0.3518 - val_acc: 1.0000
Epoch 85/1000
 - 0s - loss: 0.0567 - acc: 1.0000 - val_loss: 0.3501 - val_acc: 1.0000
Epoch 86/1000
 - 0s - loss: 0.0449 - acc: 1.0000 - val_loss: 0.3484 - val_acc: 1.0000
Epoch 87/1000
 - 0s - loss: 0.0454 - acc: 1.0000 - val_loss: 0.3466 - val_acc: 1.0000
Epoch 88/1000
 - 0s - loss: 0.0376 - acc: 1.0000 - val_loss: 0.3448 - val_acc: 1.0000
Epoch 89/1000
 - 0s - loss: 0.0373 - acc: 1.0000 - val_loss: 0.3428 - val_acc: 1.0000
Epoch 90/1000
 - 0s - loss: 0.0356 - acc: 1.0000 - val_loss: 0.3412 - val_acc: 1.0000
Epoch 91/1000
 - 0s - loss: 0.0441 - acc: 1.0000 - val_loss: 0.3395 - val_acc: 1.0000
Epoch 92/1000
 - 0s - loss: 0.0474 - acc: 1.0000 - val_loss: 0.3380 - val_acc: 1.0000
Epoch 93/1000
 - 0s - loss: 0.0351 - acc: 1.0000 - val_loss: 0.3365 - val_acc: 1.0000
Epoch 94/1000
 - 0s - loss: 0.0345 - acc: 1.0000 - val_loss: 0.3351 - val_acc: 1.0000
Epoch 95/1000
 - 0s - loss: 0.0451 - acc: 1.0000 - val_loss: 0.3338 - val_acc: 1.0000
Epoch 96/1000
 - 0s - loss: 0.0273 - acc: 1.0000 - val_loss: 0.3325 - val_acc: 1.0000
Epoch 97/1000
 - 0s - loss: 0.0332 - acc: 1.0000 - val_loss: 0.3314 - val_acc: 1.0000
Epoch 98/1000
 - 0s - loss: 0.0325 - acc: 1.0000 - val_loss: 0.3304 - val_acc: 1.0000
Epoch 99/1000
 - 0s - loss: 0.0299 - acc: 1.0000 - val_loss: 0.3293 - val_acc: 1.0000
Epoch 100/1000
 - 0s - loss: 0.0292 - acc: 1.0000 - val_loss: 0.3281 - val_acc: 1.0000
Epoch 101/1000
 - 0s - loss: 0.0366 - acc: 1.0000 - val_loss: 0.3270 - val_acc: 1.0000
Epoch 102/1000
 - 0s - loss: 0.0377 - acc: 1.0000 - val_loss: 0.3258 - val_acc: 1.0000
Epoch 103/1000
 - 0s - loss: 0.0274 - acc: 1.0000 - val_loss: 0.3247 - val_acc: 1.0000
Epoch 104/1000
 - 0s - loss: 0.0360 - acc: 1.0000 - val_loss: 0.3236 - val_acc: 1.0000
Epoch 105/1000
 - 0s - loss: 0.0308 - acc: 1.0000 - val_loss: 0.3226 - val_acc: 1.0000
Epoch 106/1000
 - 0s - loss: 0.0274 - acc: 1.0000 - val_loss: 0.3212 - val_acc: 1.0000
Epoch 107/1000
 - 0s - loss: 0.0220 - acc: 1.0000 - val_loss: 0.3199 - val_acc: 1.0000
Epoch 108/1000
 - 0s - loss: 0.0300 - acc: 1.0000 - val_loss: 0.3186 - val_acc: 1.0000
Epoch 109/1000
 - 0s - loss: 0.0238 - acc: 1.0000 - val_loss: 0.3174 - val_acc: 1.0000
Epoch 110/1000
 - 0s - loss: 0.0238 - acc: 1.0000 - val_loss: 0.3163 - val_acc: 1.0000
Epoch 111/1000
 - 0s - loss: 0.0228 - acc: 1.0000 - val_loss: 0.3153 - val_acc: 1.0000
Epoch 112/1000
 - 0s - loss: 0.0289 - acc: 1.0000 - val_loss: 0.3142 - val_acc: 1.0000
Epoch 113/1000
 - 0s - loss: 0.0265 - acc: 1.0000 - val_loss: 0.3131 - val_acc: 1.0000
Epoch 114/1000
 - 0s - loss: 0.0320 - acc: 1.0000 - val_loss: 0.3116 - val_acc: 1.0000
Epoch 115/1000
 - 0s - loss: 0.0312 - acc: 1.0000 - val_loss: 0.3103 - val_acc: 1.0000
Epoch 116/1000
 - 0s - loss: 0.0303 - acc: 1.0000 - val_loss: 0.3089 - val_acc: 1.0000
Epoch 117/1000
 - 0s - loss: 0.0230 - acc: 1.0000 - val_loss: 0.3075 - val_acc: 1.0000
Epoch 118/1000
 - 0s - loss: 0.0277 - acc: 1.0000 - val_loss: 0.3062 - val_acc: 1.0000
Epoch 119/1000
 - 0s - loss: 0.0256 - acc: 1.0000 - val_loss: 0.3047 - val_acc: 1.0000
Epoch 120/1000
 - 0s - loss: 0.0250 - acc: 1.0000 - val_loss: 0.3032 - val_acc: 1.0000
Epoch 121/1000
 - 0s - loss: 0.0216 - acc: 1.0000 - val_loss: 0.3019 - val_acc: 1.0000
Epoch 122/1000
 - 0s - loss: 0.0235 - acc: 1.0000 - val_loss: 0.3008 - val_acc: 1.0000
Epoch 123/1000
 - 0s - loss: 0.0207 - acc: 1.0000 - val_loss: 0.2995 - val_acc: 1.0000
Epoch 124/1000
 - 0s - loss: 0.0215 - acc: 1.0000 - val_loss: 0.2983 - val_acc: 1.0000
Epoch 125/1000
 - 0s - loss: 0.0197 - acc: 1.0000 - val_loss: 0.2973 - val_acc: 1.0000
Epoch 126/1000
 - 0s - loss: 0.0234 - acc: 1.0000 - val_loss: 0.2962 - val_acc: 1.0000
Epoch 127/1000
 - 0s - loss: 0.0193 - acc: 1.0000 - val_loss: 0.2951 - val_acc: 1.0000
Epoch 128/1000
 - 0s - loss: 0.0179 - acc: 1.0000 - val_loss: 0.2940 - val_acc: 1.0000
Epoch 129/1000
 - 0s - loss: 0.0190 - acc: 1.0000 - val_loss: 0.2931 - val_acc: 1.0000
Epoch 130/1000
 - 0s - loss: 0.0259 - acc: 1.0000 - val_loss: 0.2917 - val_acc: 1.0000
Epoch 131/1000
 - 0s - loss: 0.0163 - acc: 1.0000 - val_loss: 0.2905 - val_acc: 1.0000
Epoch 132/1000
 - 0s - loss: 0.0200 - acc: 1.0000 - val_loss: 0.2892 - val_acc: 1.0000
Epoch 133/1000
 - 0s - loss: 0.0211 - acc: 1.0000 - val_loss: 0.2880 - val_acc: 1.0000
Epoch 134/1000
 - 0s - loss: 0.0269 - acc: 1.0000 - val_loss: 0.2866 - val_acc: 1.0000
Epoch 135/1000
 - 0s - loss: 0.0132 - acc: 1.0000 - val_loss: 0.2851 - val_acc: 1.0000
Epoch 136/1000
 - 0s - loss: 0.0183 - acc: 1.0000 - val_loss: 0.2839 - val_acc: 1.0000
Epoch 137/1000
 - 0s - loss: 0.0182 - acc: 1.0000 - val_loss: 0.2826 - val_acc: 1.0000
Epoch 138/1000
 - 0s - loss: 0.0168 - acc: 1.0000 - val_loss: 0.2813 - val_acc: 1.0000
Epoch 139/1000
 - 0s - loss: 0.0212 - acc: 1.0000 - val_loss: 0.2800 - val_acc: 1.0000
Epoch 140/1000
 - 0s - loss: 0.0192 - acc: 1.0000 - val_loss: 0.2786 - val_acc: 1.0000
Epoch 141/1000
 - 0s - loss: 0.0181 - acc: 1.0000 - val_loss: 0.2773 - val_acc: 1.0000
Epoch 142/1000
 - 0s - loss: 0.0203 - acc: 1.0000 - val_loss: 0.2757 - val_acc: 1.0000
Epoch 143/1000
 - 0s - loss: 0.0170 - acc: 1.0000 - val_loss: 0.2742 - val_acc: 1.0000
Epoch 144/1000
 - 0s - loss: 0.0193 - acc: 1.0000 - val_loss: 0.2728 - val_acc: 1.0000
Epoch 145/1000
 - 0s - loss: 0.0174 - acc: 1.0000 - val_loss: 0.2716 - val_acc: 1.0000
Epoch 146/1000
 - 0s - loss: 0.0165 - acc: 1.0000 - val_loss: 0.2703 - val_acc: 1.0000
Epoch 147/1000
 - 0s - loss: 0.0145 - acc: 1.0000 - val_loss: 0.2689 - val_acc: 1.0000
Epoch 148/1000
 - 0s - loss: 0.0185 - acc: 1.0000 - val_loss: 0.2678 - val_acc: 1.0000
Epoch 149/1000
 - 0s - loss: 0.0162 - acc: 1.0000 - val_loss: 0.2667 - val_acc: 1.0000
Epoch 150/1000
 - 0s - loss: 0.0141 - acc: 1.0000 - val_loss: 0.2657 - val_acc: 1.0000
Epoch 151/1000
 - 0s - loss: 0.0175 - acc: 1.0000 - val_loss: 0.2648 - val_acc: 1.0000
Epoch 152/1000
 - 0s - loss: 0.0228 - acc: 1.0000 - val_loss: 0.2640 - val_acc: 1.0000
Epoch 153/1000
 - 0s - loss: 0.0136 - acc: 1.0000 - val_loss: 0.2633 - val_acc: 1.0000
Epoch 154/1000
 - 0s - loss: 0.0181 - acc: 1.0000 - val_loss: 0.2625 - val_acc: 1.0000
Epoch 155/1000
 - 0s - loss: 0.0188 - acc: 1.0000 - val_loss: 0.2617 - val_acc: 1.0000
Epoch 156/1000
 - 0s - loss: 0.0129 - acc: 1.0000 - val_loss: 0.2610 - val_acc: 1.0000
Epoch 157/1000
 - 0s - loss: 0.0168 - acc: 1.0000 - val_loss: 0.2605 - val_acc: 1.0000
Epoch 158/1000
 - 0s - loss: 0.0160 - acc: 1.0000 - val_loss: 0.2600 - val_acc: 1.0000
Epoch 159/1000
 - 0s - loss: 0.0165 - acc: 1.0000 - val_loss: 0.2593 - val_acc: 1.0000
Epoch 160/1000
 - 0s - loss: 0.0237 - acc: 1.0000 - val_loss: 0.2585 - val_acc: 1.0000
Epoch 161/1000
 - 0s - loss: 0.0159 - acc: 1.0000 - val_loss: 0.2577 - val_acc: 1.0000
Epoch 162/1000
 - 0s - loss: 0.0107 - acc: 1.0000 - val_loss: 0.2571 - val_acc: 1.0000
Epoch 163/1000
 - 0s - loss: 0.0174 - acc: 1.0000 - val_loss: 0.2565 - val_acc: 1.0000
Epoch 164/1000
 - 0s - loss: 0.0161 - acc: 1.0000 - val_loss: 0.2559 - val_acc: 1.0000
Epoch 165/1000
 - 0s - loss: 0.0103 - acc: 1.0000 - val_loss: 0.2554 - val_acc: 1.0000
Epoch 166/1000
 - 0s - loss: 0.0128 - acc: 1.0000 - val_loss: 0.2547 - val_acc: 1.0000
Epoch 167/1000
 - 0s - loss: 0.0126 - acc: 1.0000 - val_loss: 0.2542 - val_acc: 1.0000
Epoch 168/1000
 - 0s - loss: 0.0124 - acc: 1.0000 - val_loss: 0.2539 - val_acc: 1.0000
Epoch 169/1000
 - 0s - loss: 0.0126 - acc: 1.0000 - val_loss: 0.2537 - val_acc: 1.0000
Epoch 170/1000
 - 0s - loss: 0.0106 - acc: 1.0000 - val_loss: 0.2536 - val_acc: 1.0000
Epoch 171/1000
 - 0s - loss: 0.0099 - acc: 1.0000 - val_loss: 0.2533 - val_acc: 1.0000
Epoch 172/1000
 - 0s - loss: 0.0128 - acc: 1.0000 - val_loss: 0.2530 - val_acc: 1.0000
Epoch 173/1000
 - 0s - loss: 0.0130 - acc: 1.0000 - val_loss: 0.2525 - val_acc: 1.0000
Epoch 174/1000
 - 0s - loss: 0.0136 - acc: 1.0000 - val_loss: 0.2521 - val_acc: 1.0000
Epoch 175/1000
 - 0s - loss: 0.0127 - acc: 1.0000 - val_loss: 0.2517 - val_acc: 1.0000
Epoch 176/1000
 - 0s - loss: 0.0123 - acc: 1.0000 - val_loss: 0.2512 - val_acc: 1.0000
Epoch 177/1000
 - 0s - loss: 0.0155 - acc: 1.0000 - val_loss: 0.2507 - val_acc: 1.0000
Epoch 178/1000
 - 0s - loss: 0.0112 - acc: 1.0000 - val_loss: 0.2502 - val_acc: 1.0000
Epoch 179/1000
 - 0s - loss: 0.0142 - acc: 1.0000 - val_loss: 0.2497 - val_acc: 1.0000
Epoch 180/1000
 - 0s - loss: 0.0104 - acc: 1.0000 - val_loss: 0.2493 - val_acc: 1.0000
Epoch 181/1000
 - 0s - loss: 0.0107 - acc: 1.0000 - val_loss: 0.2490 - val_acc: 1.0000
Epoch 182/1000
 - 0s - loss: 0.0111 - acc: 1.0000 - val_loss: 0.2488 - val_acc: 1.0000
Epoch 183/1000
 - 0s - loss: 0.0092 - acc: 1.0000 - val_loss: 0.2485 - val_acc: 1.0000
Epoch 184/1000
 - 0s - loss: 0.0124 - acc: 1.0000 - val_loss: 0.2481 - val_acc: 1.0000
Epoch 185/1000
 - 0s - loss: 0.0115 - acc: 1.0000 - val_loss: 0.2476 - val_acc: 1.0000
Epoch 186/1000
 - 0s - loss: 0.0116 - acc: 1.0000 - val_loss: 0.2470 - val_acc: 1.0000
Epoch 187/1000
 - 0s - loss: 0.0096 - acc: 1.0000 - val_loss: 0.2464 - val_acc: 1.0000
Epoch 188/1000
 - 0s - loss: 0.0098 - acc: 1.0000 - val_loss: 0.2458 - val_acc: 1.0000
Epoch 189/1000
 - 0s - loss: 0.0098 - acc: 1.0000 - val_loss: 0.2452 - val_acc: 1.0000
Epoch 190/1000
 - 0s - loss: 0.0127 - acc: 1.0000 - val_loss: 0.2447 - val_acc: 1.0000
Epoch 191/1000
 - 0s - loss: 0.0093 - acc: 1.0000 - val_loss: 0.2443 - val_acc: 1.0000
Epoch 192/1000
 - 0s - loss: 0.0105 - acc: 1.0000 - val_loss: 0.2441 - val_acc: 1.0000
Epoch 193/1000
 - 0s - loss: 0.0074 - acc: 1.0000 - val_loss: 0.2440 - val_acc: 1.0000
Epoch 194/1000
 - 0s - loss: 0.0113 - acc: 1.0000 - val_loss: 0.2437 - val_acc: 1.0000
Epoch 195/1000
 - 0s - loss: 0.0108 - acc: 1.0000 - val_loss: 0.2434 - val_acc: 1.0000
Epoch 196/1000
 - 0s - loss: 0.0140 - acc: 1.0000 - val_loss: 0.2430 - val_acc: 1.0000
Epoch 197/1000
 - 0s - loss: 0.0134 - acc: 1.0000 - val_loss: 0.2424 - val_acc: 1.0000
Epoch 198/1000
 - 0s - loss: 0.0081 - acc: 1.0000 - val_loss: 0.2419 - val_acc: 1.0000
Epoch 199/1000
 - 0s - loss: 0.0065 - acc: 1.0000 - val_loss: 0.2412 - val_acc: 1.0000
Epoch 200/1000
 - 0s - loss: 0.0083 - acc: 1.0000 - val_loss: 0.2406 - val_acc: 1.0000
Epoch 201/1000
 - 0s - loss: 0.0074 - acc: 1.0000 - val_loss: 0.2400 - val_acc: 1.0000
Epoch 202/1000
 - 0s - loss: 0.0084 - acc: 1.0000 - val_loss: 0.2396 - val_acc: 1.0000
Epoch 203/1000
 - 0s - loss: 0.0131 - acc: 1.0000 - val_loss: 0.2391 - val_acc: 1.0000
Epoch 204/1000
 - 0s - loss: 0.0070 - acc: 1.0000 - val_loss: 0.2387 - val_acc: 1.0000
Epoch 205/1000
 - 0s - loss: 0.0104 - acc: 1.0000 - val_loss: 0.2381 - val_acc: 1.0000
Epoch 206/1000
 - 0s - loss: 0.0072 - acc: 1.0000 - val_loss: 0.2376 - val_acc: 1.0000
Epoch 207/1000
 - 0s - loss: 0.0091 - acc: 1.0000 - val_loss: 0.2371 - val_acc: 1.0000
Epoch 208/1000
 - 0s - loss: 0.0104 - acc: 1.0000 - val_loss: 0.2365 - val_acc: 1.0000
Epoch 209/1000
 - 0s - loss: 0.0109 - acc: 1.0000 - val_loss: 0.2359 - val_acc: 1.0000
Epoch 210/1000
 - 0s - loss: 0.0066 - acc: 1.0000 - val_loss: 0.2353 - val_acc: 1.0000
Epoch 211/1000
 - 0s - loss: 0.0089 - acc: 1.0000 - val_loss: 0.2347 - val_acc: 1.0000
Epoch 212/1000
 - 0s - loss: 0.0108 - acc: 1.0000 - val_loss: 0.2340 - val_acc: 1.0000
Epoch 213/1000
 - 0s - loss: 0.0070 - acc: 1.0000 - val_loss: 0.2333 - val_acc: 1.0000
Epoch 214/1000
 - 0s - loss: 0.0070 - acc: 1.0000 - val_loss: 0.2326 - val_acc: 1.0000
Epoch 215/1000
 - 0s - loss: 0.0089 - acc: 1.0000 - val_loss: 0.2319 - val_acc: 1.0000
Epoch 216/1000
 - 0s - loss: 0.0155 - acc: 1.0000 - val_loss: 0.2308 - val_acc: 1.0000
Epoch 217/1000
 - 0s - loss: 0.0087 - acc: 1.0000 - val_loss: 0.2299 - val_acc: 1.0000
Epoch 218/1000
 - 0s - loss: 0.0064 - acc: 1.0000 - val_loss: 0.2290 - val_acc: 1.0000
Epoch 219/1000
 - 0s - loss: 0.0058 - acc: 1.0000 - val_loss: 0.2281 - val_acc: 1.0000
Epoch 220/1000
 - 0s - loss: 0.0076 - acc: 1.0000 - val_loss: 0.2273 - val_acc: 1.0000
Epoch 221/1000
 - 0s - loss: 0.0073 - acc: 1.0000 - val_loss: 0.2265 - val_acc: 1.0000
Epoch 222/1000
 - 0s - loss: 0.0058 - acc: 1.0000 - val_loss: 0.2258 - val_acc: 1.0000
Epoch 223/1000
 - 0s - loss: 0.0056 - acc: 1.0000 - val_loss: 0.2251 - val_acc: 1.0000
Epoch 224/1000
 - 0s - loss: 0.0128 - acc: 1.0000 - val_loss: 0.2243 - val_acc: 1.0000
Epoch 225/1000
 - 0s - loss: 0.0091 - acc: 1.0000 - val_loss: 0.2234 - val_acc: 1.0000
Epoch 226/1000
 - 0s - loss: 0.0065 - acc: 1.0000 - val_loss: 0.2225 - val_acc: 1.0000
Epoch 227/1000
 - 0s - loss: 0.0037 - acc: 1.0000 - val_loss: 0.2216 - val_acc: 1.0000
Epoch 228/1000
 - 0s - loss: 0.0059 - acc: 1.0000 - val_loss: 0.2208 - val_acc: 1.0000
Epoch 229/1000
 - 0s - loss: 0.0083 - acc: 1.0000 - val_loss: 0.2201 - val_acc: 1.0000
Epoch 230/1000
 - 0s - loss: 0.0054 - acc: 1.0000 - val_loss: 0.2194 - val_acc: 1.0000
Epoch 231/1000
 - 0s - loss: 0.0065 - acc: 1.0000 - val_loss: 0.2187 - val_acc: 1.0000
Epoch 232/1000
 - 0s - loss: 0.0099 - acc: 1.0000 - val_loss: 0.2181 - val_acc: 1.0000
Epoch 233/1000
 - 0s - loss: 0.0106 - acc: 1.0000 - val_loss: 0.2174 - val_acc: 1.0000
Epoch 234/1000
 - 0s - loss: 0.0062 - acc: 1.0000 - val_loss: 0.2167 - val_acc: 1.0000
Epoch 235/1000
 - 0s - loss: 0.0044 - acc: 1.0000 - val_loss: 0.2160 - val_acc: 1.0000
Epoch 236/1000
 - 0s - loss: 0.0054 - acc: 1.0000 - val_loss: 0.2154 - val_acc: 1.0000
Epoch 237/1000
 - 0s - loss: 0.0038 - acc: 1.0000 - val_loss: 0.2148 - val_acc: 1.0000
Epoch 238/1000
 - 0s - loss: 0.0049 - acc: 1.0000 - val_loss: 0.2143 - val_acc: 1.0000
Epoch 239/1000
 - 0s - loss: 0.0052 - acc: 1.0000 - val_loss: 0.2137 - val_acc: 1.0000
Epoch 240/1000
 - 0s - loss: 0.0099 - acc: 1.0000 - val_loss: 0.2131 - val_acc: 1.0000
Epoch 241/1000
 - 0s - loss: 0.0098 - acc: 1.0000 - val_loss: 0.2123 - val_acc: 1.0000
Epoch 242/1000
 - 0s - loss: 0.0046 - acc: 1.0000 - val_loss: 0.2116 - val_acc: 1.0000
Epoch 243/1000
 - 0s - loss: 0.0085 - acc: 1.0000 - val_loss: 0.2109 - val_acc: 1.0000
Epoch 244/1000
 - 0s - loss: 0.0054 - acc: 1.0000 - val_loss: 0.2103 - val_acc: 1.0000
Epoch 245/1000
 - 0s - loss: 0.0045 - acc: 1.0000 - val_loss: 0.2097 - val_acc: 1.0000
Epoch 246/1000
 - 0s - loss: 0.0082 - acc: 1.0000 - val_loss: 0.2091 - val_acc: 1.0000
Epoch 247/1000
 - 0s - loss: 0.0052 - acc: 1.0000 - val_loss: 0.2086 - val_acc: 1.0000
Epoch 248/1000
 - 0s - loss: 0.0074 - acc: 1.0000 - val_loss: 0.2079 - val_acc: 1.0000
Epoch 249/1000
 - 0s - loss: 0.0052 - acc: 1.0000 - val_loss: 0.2072 - val_acc: 1.0000
Epoch 250/1000
 - 0s - loss: 0.0052 - acc: 1.0000 - val_loss: 0.2067 - val_acc: 1.0000
Epoch 251/1000
 - 0s - loss: 0.0064 - acc: 1.0000 - val_loss: 0.2061 - val_acc: 1.0000
Epoch 252/1000
 - 0s - loss: 0.0036 - acc: 1.0000 - val_loss: 0.2055 - val_acc: 1.0000
Epoch 253/1000
 - 0s - loss: 0.0068 - acc: 1.0000 - val_loss: 0.2049 - val_acc: 1.0000
Epoch 254/1000
 - 0s - loss: 0.0047 - acc: 1.0000 - val_loss: 0.2043 - val_acc: 1.0000
Epoch 255/1000
 - 0s - loss: 0.0059 - acc: 1.0000 - val_loss: 0.2039 - val_acc: 1.0000
Epoch 256/1000
 - 0s - loss: 0.0041 - acc: 1.0000 - val_loss: 0.2034 - val_acc: 1.0000
Epoch 257/1000
 - 0s - loss: 0.0047 - acc: 1.0000 - val_loss: 0.2029 - val_acc: 1.0000
Epoch 258/1000
 - 0s - loss: 0.0062 - acc: 1.0000 - val_loss: 0.2024 - val_acc: 1.0000
Epoch 259/1000
 - 0s - loss: 0.0068 - acc: 1.0000 - val_loss: 0.2019 - val_acc: 1.0000
Epoch 260/1000
 - 0s - loss: 0.0042 - acc: 1.0000 - val_loss: 0.2013 - val_acc: 1.0000
Epoch 261/1000
 - 0s - loss: 0.0075 - acc: 1.0000 - val_loss: 0.2007 - val_acc: 1.0000
Epoch 262/1000
 - 0s - loss: 0.0043 - acc: 1.0000 - val_loss: 0.2001 - val_acc: 1.0000
Epoch 263/1000
 - 0s - loss: 0.0053 - acc: 1.0000 - val_loss: 0.1995 - val_acc: 1.0000
Epoch 264/1000
 - 0s - loss: 0.0058 - acc: 1.0000 - val_loss: 0.1988 - val_acc: 1.0000
Epoch 265/1000
 - 0s - loss: 0.0038 - acc: 1.0000 - val_loss: 0.1983 - val_acc: 1.0000
Epoch 266/1000
 - 0s - loss: 0.0025 - acc: 1.0000 - val_loss: 0.1977 - val_acc: 1.0000
Epoch 267/1000
 - 0s - loss: 0.0037 - acc: 1.0000 - val_loss: 0.1972 - val_acc: 1.0000
Epoch 268/1000
 - 0s - loss: 0.0082 - acc: 1.0000 - val_loss: 0.1967 - val_acc: 1.0000
Epoch 269/1000
 - 0s - loss: 0.0030 - acc: 1.0000 - val_loss: 0.1962 - val_acc: 1.0000
Epoch 270/1000
 - 0s - loss: 0.0036 - acc: 1.0000 - val_loss: 0.1958 - val_acc: 1.0000
Epoch 271/1000
 - 0s - loss: 0.0029 - acc: 1.0000 - val_loss: 0.1954 - val_acc: 1.0000
Epoch 272/1000
 - 0s - loss: 0.0035 - acc: 1.0000 - val_loss: 0.1950 - val_acc: 1.0000
Epoch 273/1000
 - 0s - loss: 0.0050 - acc: 1.0000 - val_loss: 0.1947 - val_acc: 1.0000
Epoch 274/1000
 - 0s - loss: 0.0030 - acc: 1.0000 - val_loss: 0.1943 - val_acc: 1.0000
Epoch 275/1000
 - 0s - loss: 0.0041 - acc: 1.0000 - val_loss: 0.1940 - val_acc: 1.0000
Epoch 276/1000
 - 0s - loss: 0.0051 - acc: 1.0000 - val_loss: 0.1938 - val_acc: 1.0000
Epoch 277/1000
 - 0s - loss: 0.0033 - acc: 1.0000 - val_loss: 0.1936 - val_acc: 1.0000
Epoch 278/1000
 - 0s - loss: 0.0059 - acc: 1.0000 - val_loss: 0.1933 - val_acc: 1.0000
Epoch 279/1000
 - 0s - loss: 0.0043 - acc: 1.0000 - val_loss: 0.1932 - val_acc: 1.0000
Epoch 280/1000
 - 0s - loss: 0.0036 - acc: 1.0000 - val_loss: 0.1931 - val_acc: 1.0000
Epoch 281/1000
 - 0s - loss: 0.0038 - acc: 1.0000 - val_loss: 0.1929 - val_acc: 1.0000
Epoch 282/1000
 - 0s - loss: 0.0039 - acc: 1.0000 - val_loss: 0.1929 - val_acc: 1.0000
Epoch 283/1000
 - 0s - loss: 0.0072 - acc: 1.0000 - val_loss: 0.1930 - val_acc: 1.0000
Epoch 284/1000
 - 0s - loss: 0.0059 - acc: 1.0000 - val_loss: 0.1931 - val_acc: 1.0000
Validation accuracy: 1.0, loss: 0.1930760145187378

Process finished with exit code 0
